<?xml version="1.0" encoding="UTF-8"?>
<testsuite name="com.cloudstream.scraper.SecondSiteArchitectureTest" tests="4" skipped="0" failures="0" errors="0" timestamp="2026-09-08T11:30:54" hostname="runnervmejwal" time="0.016">
  <properties/>
  <testcase name="second site movie details should extract correctly()" classname="com.cloudstream.scraper.SecondSiteArchitectureTest" time="0.003"/>
  <testcase name="second site configuration should load and validate with zero errors()" classname="com.cloudstream.scraper.SecondSiteArchitectureTest" time="0.001"/>
  <testcase name="second site search should work with different selectors and URL structure()" classname="com.cloudstream.scraper.SecondSiteArchitectureTest" time="0.002"/>
  <testcase name="second site arbitrary catalogs should work via GenericCloudStreamProvider()" classname="com.cloudstream.scraper.SecondSiteArchitectureTest" time="0.002"/>
  <system-out><![CDATA[]]></system-out>
  <system-err><![CDATA[]]></system-err>
</testsuite>
