<?xml version="1.0" encoding="UTF-8"?>
<testsuite name="com.cloudstream.scraper.ConfigValidatorTest" tests="8" skipped="0" failures="0" errors="0" timestamp="2026-09-08T11:30:54" hostname="runnervmejwal" time="0.012">
  <properties/>
  <testcase name="search without query placeholder should fail validation()" classname="com.cloudstream.scraper.ConfigValidatorTest" time="0.001"/>
  <testcase name="valid minimal config should pass validation()" classname="com.cloudstream.scraper.ConfigValidatorTest" time="0.001"/>
  <testcase name="invalid id characters should fail validation()" classname="com.cloudstream.scraper.ConfigValidatorTest" time="0.001"/>
  <testcase name="invalid baseUrl protocol should fail validation()" classname="com.cloudstream.scraper.ConfigValidatorTest" time="0.002"/>
  <testcase name="blank id should fail validation()" classname="com.cloudstream.scraper.ConfigValidatorTest" time="0.001"/>
  <testcase name="unsupported version should fail validation()" classname="com.cloudstream.scraper.ConfigValidatorTest" time="0.001"/>
  <testcase name="attribute extraction missing attribute name should fail validation()" classname="com.cloudstream.scraper.ConfigValidatorTest" time="0.001"/>
  <testcase name="duplicate catalog IDs should fail validation()" classname="com.cloudstream.scraper.ConfigValidatorTest" time="0.001"/>
  <system-out><![CDATA[]]></system-out>
  <system-err><![CDATA[]]></system-err>
</testsuite>
