<?xml version="1.0" encoding="UTF-8"?>
<testsuite name="com.cloudstream.scraper.ConfigLoaderTest" tests="3" skipped="0" failures="0" errors="0" timestamp="2026-09-08T11:30:54" hostname="runnervmejwal" time="0.019">
  <properties/>
  <testcase name="should throw ConfigParseException on invalid YAML syntax()" classname="com.cloudstream.scraper.ConfigLoaderTest" time="0.003"/>
  <testcase name="should throw ConfigValidationException on invalid semantics()" classname="com.cloudstream.scraper.ConfigLoaderTest" time="0.003"/>
  <testcase name="should load valid site config from resource()" classname="com.cloudstream.scraper.ConfigLoaderTest" time="0.011"/>
  <system-out><![CDATA[]]></system-out>
  <system-err><![CDATA[]]></system-err>
</testsuite>
