<?xml version="1.0" encoding="UTF-8"?>
<testsuite name="com.cloudstream.scraper.CloudStreamMapperTest" tests="5" skipped="0" failures="0" errors="0" timestamp="2026-09-08T11:30:54" hostname="runnervmejwal" time="0.05">
  <properties/>
  <testcase name="toLoadResponse should map Movie and Series details into LoadResponse()" classname="com.cloudstream.scraper.CloudStreamMapperTest" time="0.003"/>
  <testcase name="GenericCloudStreamProvider end-to-end flow with MockScraperHttpClient()" classname="com.cloudstream.scraper.CloudStreamMapperTest" time="0.026"/>
  <testcase name="toSearchResponse should map Movie and TV search results to CloudStream classes()" classname="com.cloudstream.scraper.CloudStreamMapperTest" time="0.001"/>
  <testcase name="toLoadResponse should map Person profile and filmography into LoadResponse()" classname="com.cloudstream.scraper.CloudStreamMapperTest" time="0.002"/>
  <testcase name="GenericCloudStreamProvider should load actor filmography on actor URL()" classname="com.cloudstream.scraper.CloudStreamMapperTest" time="0.015"/>
  <system-out><![CDATA[]]></system-out>
  <system-err><![CDATA[]]></system-err>
</testsuite>
