<?xml version="1.0" encoding="UTF-8"?>
<testsuite name="com.cloudstream.scraper.ScraperEngineTest" tests="4" skipped="0" failures="0" errors="0" timestamp="2026-09-08T11:30:54" hostname="runnervmejwal" time="0.034">
  <properties/>
  <testcase name="search should extract movies and series results accurately()" classname="com.cloudstream.scraper.ScraperEngineTest" time="0.004"/>
  <testcase name="load should extract series with season and episode hierarchy()" classname="com.cloudstream.scraper.ScraperEngineTest" time="0.008"/>
  <testcase name="load should extract full movie details with cast, trailer, and tags()" classname="com.cloudstream.scraper.ScraperEngineTest" time="0.004"/>
  <testcase name="load should handle malformed HTML resiliently without throwing exceptions()" classname="com.cloudstream.scraper.ScraperEngineTest" time="0.003"/>
  <system-out><![CDATA[]]></system-out>
  <system-err><![CDATA[]]></system-err>
</testsuite>
